# JRE version: Java(TM) SE Runtime Environment (8.0_171-b11) (build 1.8.0_171-b11)
# Java VM: Java HotSpot(TM) 64-Bit Server VM (25.171-b11 mixed mode windows-amd64 compressed oops)
Heap:
 PSYoungGen      total 388608K, used 199231K [0x00000000d5f00000, 0x00000000eff80000, 0x0000000100000000)
  eden space 374272K, 49% used [0x00000000d5f00000,0x00000000e13956e0,0x00000000ecc80000)
  from space 14336K, 99% used [0x00000000ef180000,0x00000000eff7a8a0,0x00000000eff80000)
  to   space 16384K, 0% used [0x00000000edf80000,0x00000000edf80000,0x00000000eef80000)
 ParOldGen       total 68608K, used 21434K [0x0000000081c00000, 0x0000000085f00000, 0x00000000d5f00000)
  object space 68608K, 31% used [0x0000000081c00000,0x00000000830ee960,0x0000000085f00000)
 Metaspace       used 45368K, capacity 47246K, committed 47576K, reserved 1091584K
  class space    used 5947K, capacity 6301K, committed 6400K, reserved 1048576K
GC Heap History (10 events):
Event: 19.725 GC heap before
{Heap before GC invocations=8 (full 1):
 PSYoungGen      total 140800K, used 134975K [0x00000000d5f00000, 0x00000000df780000, 0x0000000100000000)
  eden space 130560K, 100% used [0x00000000d5f00000,0x00000000dde80000,0x00000000dde80000)
  from space 10240K, 43% used [0x00000000ded80000,0x00000000df1cfcf8,0x00000000df780000)
  to   space 12800K, 0% used [0x00000000dde80000,0x00000000dde80000,0x00000000deb00000)
 ParOldGen       total 54784K, used 12584K [0x0000000081c00000, 0x0000000085180000, 0x00000000d5f00000)
  object space 54784K, 22% used [0x0000000081c00000,0x000000008284a2b8,0x0000000085180000)
 Metaspace       used 28369K, capacity 29302K, committed 29568K, reserved 1075200K
  class space    used 3706K, capacity 3920K, committed 3968K, reserved 1048576K
Event: 19.985 GC heap after
Heap after GC invocations=8 (full 1):
 PSYoungGen      total 143360K, used 7329K [0x00000000d5f00000, 0x00000000e7000000, 0x0000000100000000)
  eden space 130560K, 0% used [0x00000000d5f00000,0x00000000d5f00000,0x00000000dde80000)
  from space 12800K, 57% used [0x00000000dde80000,0x00000000de5a8758,0x00000000deb00000)
  to   space 12288K, 0% used [0x00000000e6400000,0x00000000e6400000,0x00000000e7000000)
 ParOldGen       total 54784K, used 12592K [0x0000000081c00000, 0x0000000085180000, 0x00000000d5f00000)
  object space 54784K, 22% used [0x0000000081c00000,0x000000008284c2b8,0x0000000085180000)
 Metaspace       used 28369K, capacity 29302K, committed 29568K, reserved 1075200K
  class space    used 3706K, capacity 3920K, committed 3968K, reserved 1048576K
}
Event: 21.637 GC heap before
{Heap before GC invocations=9 (full 1):
 PSYoungGen      total 143360K, used 137889K [0x00000000d5f00000, 0x00000000e7000000, 0x0000000100000000)
  eden space 130560K, 100% used [0x00000000d5f00000,0x00000000dde80000,0x00000000dde80000)
  from space 12800K, 57% used [0x00000000dde80000,0x00000000de5a8758,0x00000000deb00000)
  to   space 12288K, 0% used [0x00000000e6400000,0x00000000e6400000,0x00000000e7000000)
 ParOldGen       total 54784K, used 12592K [0x0000000081c00000, 0x0000000085180000, 0x00000000d5f00000)
  object space 54784K, 22% used [0x0000000081c00000,0x000000008284c2b8,0x0000000085180000)
 Metaspace       used 30571K, capacity 31542K, committed 31744K, reserved 1077248K
  class space    used 4018K, capacity 4258K, committed 4352K, reserved 1048576K
Event: 21.710 GC heap after
Heap after GC invocations=9 (full 1):
 PSYoungGen      total 266240K, used 10575K [0x00000000d5f00000, 0x00000000e7100000, 0x0000000100000000)
  eden space 253952K, 0% used [0x00000000d5f00000,0x00000000d5f00000,0x00000000e5700000)
  from space 12288K, 86% used [0x00000000e6400000,0x00000000e6e53ef8,0x00000000e7000000)
  to   space 13312K, 0% used [0x00000000e5700000,0x00000000e5700000,0x00000000e6400000)
 ParOldGen       total 54784K, used 12600K [0x0000000081c00000, 0x0000000085180000, 0x00000000d5f00000)
  object space 54784K, 23% used [0x0000000081c00000,0x000000008284e2b8,0x0000000085180000)
 Metaspace       used 30571K, capacity 31542K, committed 31744K, reserved 1077248K
  class space    used 4018K, capacity 4258K, committed 4352K, reserved 1048576K
}
Event: 23.759 GC heap before
{Heap before GC invocations=10 (full 1):
 PSYoungGen      total 266240K, used 133467K [0x00000000d5f00000, 0x00000000e7100000, 0x0000000100000000)
  eden space 253952K, 48% used [0x00000000d5f00000,0x00000000dd702d18,0x00000000e5700000)
  from space 12288K, 86% used [0x00000000e6400000,0x00000000e6e53ef8,0x00000000e7000000)
  to   space 13312K, 0% used [0x00000000e5700000,0x00000000e5700000,0x00000000e6400000)
 ParOldGen       total 54784K, used 12600K [0x0000000081c00000, 0x0000000085180000, 0x00000000d5f00000)
  object space 54784K, 23% used [0x0000000081c00000,0x000000008284e2b8,0x0000000085180000)
 Metaspace       used 34205K, capacity 35214K, committed 35416K, reserved 1079296K
  class space    used 4503K, capacity 4718K, committed 4736K, reserved 1048576K
Event: 23.918 GC heap after
Heap after GC invocations=10 (full 1):
 PSYoungGen      total 267264K, used 11367K [0x00000000d5f00000, 0x00000000eff80000, 0x0000000100000000)
  eden space 253952K, 0% used [0x00000000d5f00000,0x00000000d5f00000,0x00000000e5700000)
  from space 13312K, 85% used [0x00000000e5700000,0x00000000e6219c08,0x00000000e6400000)
  to   space 14336K, 0% used [0x00000000ef180000,0x00000000ef180000,0x00000000eff80000)
 ParOldGen       total 54784K, used 13517K [0x0000000081c00000, 0x0000000085180000, 0x00000000d5f00000)
  object space 54784K, 24% used [0x0000000081c00000,0x0000000082933610,0x0000000085180000)
 Metaspace       used 34205K, capacity 35214K, committed 35416K, reserved 1079296K
  class space    used 4503K, capacity 4718K, committed 4736K, reserved 1048576K
}
Event: 23.918 GC heap before
{Heap before GC invocations=11 (full 2):
 PSYoungGen      total 267264K, used 11367K [0x00000000d5f00000, 0x00000000eff80000, 0x0000000100000000)
  eden space 253952K, 0% used [0x00000000d5f00000,0x00000000d5f00000,0x00000000e5700000)
  from space 13312K, 85% used [0x00000000e5700000,0x00000000e6219c08,0x00000000e6400000)
  to   space 14336K, 0% used [0x00000000ef180000,0x00000000ef180000,0x00000000eff80000)
 ParOldGen       total 54784K, used 13517K [0x0000000081c00000, 0x0000000085180000, 0x00000000d5f00000)
  object space 54784K, 24% used [0x0000000081c00000,0x0000000082933610,0x0000000085180000)
 Metaspace       used 34205K, capacity 35214K, committed 35416K, reserved 1079296K
  class space    used 4503K, capacity 4718K, committed 4736K, reserved 1048576K
Event: 24.458 GC heap after
Heap after GC invocations=11 (full 2):
 PSYoungGen      total 267264K, used 0K [0x00000000d5f00000, 0x00000000eff80000, 0x0000000100000000)
  eden space 253952K, 0% used [0x00000000d5f00000,0x00000000d5f00000,0x00000000e5700000)
  from space 13312K, 0% used [0x00000000e5700000,0x00000000e5700000,0x00000000e6400000)
  to   space 14336K, 0% used [0x00000000ef180000,0x00000000ef180000,0x00000000eff80000)
 ParOldGen       total 68608K, used 20479K [0x0000000081c00000, 0x0000000085f00000, 0x00000000d5f00000)
  object space 68608K, 29% used [0x0000000081c00000,0x0000000082fffe58,0x0000000085f00000)
 Metaspace       used 34205K, capacity 35214K, committed 35416K, reserved 1079296K
  class space    used 4503K, capacity 4718K, committed 4736K, reserved 1048576K
}
Event: 38.781 GC heap before
{Heap before GC invocations=12 (full 2):
 PSYoungGen      total 267264K, used 253952K [0x00000000d5f00000, 0x00000000eff80000, 0x0000000100000000)
  eden space 253952K, 100% used [0x00000000d5f00000,0x00000000e5700000,0x00000000e5700000)
  from space 13312K, 0% used [0x00000000e5700000,0x00000000e5700000,0x00000000e6400000)
  to   space 14336K, 0% used [0x00000000ef180000,0x00000000ef180000,0x00000000eff80000)
 ParOldGen       total 68608K, used 20479K [0x0000000081c00000, 0x0000000085f00000, 0x00000000d5f00000)
  object space 68608K, 29% used [0x0000000081c00000,0x0000000082fffe58,0x0000000085f00000)
 Metaspace       used 42627K, capacity 44116K, committed 44248K, reserved 1087488K
  class space    used 5519K, capacity 5814K, committed 5888K, reserved 1048576K
Event: 39.951 GC heap after
Heap after GC invocations=12 (full 2):
 PSYoungGen      total 388608K, used 14314K [0x00000000d5f00000, 0x00000000eff80000, 0x0000000100000000)
  eden space 374272K, 0% used [0x00000000d5f00000,0x00000000d5f00000,0x00000000ecc80000)
  from space 14336K, 99% used [0x00000000ef180000,0x00000000eff7a8a0,0x00000000eff80000)
  to   space 16384K, 0% used [0x00000000edf80000,0x00000000edf80000,0x00000000eef80000)
 ParOldGen       total 68608K, used 21434K [0x0000000081c00000, 0x0000000085f00000, 0x00000000d5f00000)
  object space 68608K, 31% used [0x0000000081c00000,0x00000000830ee960,0x0000000085f00000)
 Metaspace       used 42627K, capacity 44116K, committed 44248K, reserved 1087488K
  class space    used 5519K, capacity 5814K, committed 5888K, reserved 1048576K
}

